<?xml version="1.0" encoding="UTF-8"?>
<!-- Generated by org.testng.reporters.JUnitReportReporter -->
<testsuite hostname="PC350015" name="Rates.Existing_allotment_can_be_edited" tests="1" failures="0" timestamp="15 Dec 2017 07:12:12 GMT" time="61.246" errors="0">
  <testcase name="editrategeneraldetails" time="61.246" classname="Rates.Existing_allotment_can_be_edited"/>
</testsuite> <!-- Rates.Existing_allotment_can_be_edited -->
