<?xml version="1.0" encoding="UTF-8"?>
<!-- Generated by org.testng.reporters.JUnitReportReporter -->
<testsuite hostname="PC350015" name="Rates.Restrictions_can_be_edited" tests="1" failures="0" timestamp="15 Dec 2017 07:22:29 GMT" time="76.541" errors="0">
  <testcase name="editrategeneraldetails" time="76.541" classname="Rates.Restrictions_can_be_edited"/>
</testsuite> <!-- Rates.Restrictions_can_be_edited -->
