<?xml version="1.0" encoding="UTF-8"?>
<!-- Generated by org.testng.reporters.JUnitReportReporter -->
<testsuite hostname="PC329535" name="automationFramework.Accommodation_bookingHistory" tests="1" failures="0" timestamp="18 Jan 2018 10:09:22 GMT" time="83.517" errors="0">
  <testcase name="bookinghistory" time="83.517" classname="automationFramework.Accommodation_bookingHistory"/>
</testsuite> <!-- automationFramework.Accommodation_bookingHistory -->
