<?xml version="1.0" encoding="UTF-8"?>
<!-- Generated by org.testng.reporters.JUnitReportReporter -->
<testsuite hostname="PC350015" name="automationFramework.Accommodation_booking_dotwRates_multiroom" tests="1" failures="0" timestamp="22 Nov 2017 14:51:28 GMT" time="66.657" errors="0">
  <testcase name="bookdotwmultiroom" time="66.657" classname="automationFramework.Accommodation_booking_dotwRates_multiroom"/>
</testsuite> <!-- automationFramework.Accommodation_booking_dotwRates_multiroom -->
