<?xml version="1.0" encoding="UTF-8"?>
<!-- Generated by org.testng.reporters.JUnitReportReporter -->
<testsuite hostname="PC329535" name="Transfer.Amend_PrePay" tests="1" failures="0" timestamp="29 Dec 2017 13:40:10 GMT" time="132.693" errors="0">
  <testcase name="AmendPrepay" time="132.693" classname="Transfer.Amend_PrePay"/>
</testsuite> <!-- Transfer.Amend_PrePay -->
