<?xml version="1.0" encoding="UTF-8"?>
<!-- Generated by org.testng.reporters.JUnitReportReporter -->
<testsuite hostname="PC350015" name="automationFramework.Accommodation_booking_3rdparty_multiroom" tests="1" failures="0" timestamp="23 Nov 2017 07:41:48 GMT" time="56.664" errors="0">
  <testcase name="bookthirdpartymultiroom" time="56.664" classname="automationFramework.Accommodation_booking_3rdparty_multiroom"/>
</testsuite> <!-- automationFramework.Accommodation_booking_3rdparty_multiroom -->
