<?xml version="1.0" encoding="UTF-8"?>
<!-- Generated by org.testng.reporters.JUnitReportReporter -->
<testsuite hostname="PC329535" name="automationFramework.Accommodation_search_apply_filters_for_search_results" tests="1" failures="0" timestamp="17 Jan 2018 07:17:43 GMT" time="73.499" errors="0">
  <testcase name="search" time="73.499" classname="automationFramework.Accommodation_search_apply_filters_for_search_results"/>
</testsuite> <!-- automationFramework.Accommodation_search_apply_filters_for_search_results -->
