<?xml version="1.0" encoding="UTF-8"?>
<!-- Generated by org.testng.reporters.JUnitReportReporter -->
<testsuite hostname="PC329535" name="automationFramework.Accommodation_booking_for_adults_with_children" tests="1" failures="0" timestamp="18 Jan 2018 09:34:38 GMT" time="104.774" errors="0">
  <testcase name="book" time="104.774" classname="automationFramework.Accommodation_booking_for_adults_with_children"/>
</testsuite> <!-- automationFramework.Accommodation_booking_for_adults_with_children -->
