<?xml version="1.0" encoding="UTF-8"?>
<!-- Generated by org.testng.reporters.JUnitReportReporter -->
<testsuite hostname="PC350015" name="Rates.General_details_about_rates_can_be_edited" tests="1" failures="0" timestamp="17 Nov 2017 14:55:14 GMT" time="41.330" errors="0">
  <testcase name="pushrate" time="41.330" classname="Rates.General_details_about_rates_can_be_edited"/>
</testsuite> <!-- Rates.General_details_about_rates_can_be_edited -->
