<?xml version="1.0" encoding="UTF-8"?>
<!-- Generated by org.testng.reporters.JUnitReportReporter -->
<testsuite hostname="PC350015" name="Tour.Tour_Booking" tests="2" failures="0" timestamp="12 Dec 2017 06:05:21 GMT" time="45.384" errors="0">
  <testcase name="searchtour" time="27.499" classname="Tour.Tour_Booking"/>
  <testcase name="login" time="17.885" classname="Tour.Tour_Booking"/>
</testsuite> <!-- Tour.Tour_Booking -->
