<?xml version="1.0" encoding="UTF-8"?>
<!-- Generated by org.testng.reporters.JUnitReportReporter -->
<testsuite hostname="PC350015" name="Rates.Stay_length_conditions_can_be_edited" tests="1" failures="0" timestamp="15 Dec 2017 07:25:15 GMT" time="73.054" errors="0">
  <testcase name="editrategeneraldetails" time="73.054" classname="Rates.Stay_length_conditions_can_be_edited"/>
</testsuite> <!-- Rates.Stay_length_conditions_can_be_edited -->
