<?xml version="1.0" encoding="UTF-8"?>
<!-- Generated by org.testng.reporters.JUnitReportReporter -->
<testsuite hostname="PC350015" name="automationFramework.Search_reservation_by_product_type_accommodation" tests="1" failures="0" timestamp="17 Nov 2017 06:59:41 GMT" time="70.809" errors="0">
  <testcase name="searchaccombook" time="70.809" classname="automationFramework.Search_reservation_by_product_type_accommodation"/>
</testsuite> <!-- automationFramework.Search_reservation_by_product_type_accommodation -->
