<?xml version="1.0" encoding="UTF-8"?>
<!-- Generated by org.testng.reporters.JUnitReportReporter -->
<testsuite hostname="PC350015" name="automationFramework.Publish_new_rate" tests="1" failures="0" timestamp="15 Nov 2017 09:55:33 GMT" time="59.402" errors="0">
  <testcase name="pushrate" time="59.402" classname="automationFramework.Publish_new_rate"/>
</testsuite> <!-- automationFramework.Publish_new_rate -->
