<?xml version="1.0" encoding="UTF-8"?>
<!-- Generated by org.testng.reporters.JUnitReportReporter -->
<testsuite hostname="PC350015" name="Rates.Publish_new_rate" tests="1" failures="0" timestamp="23 Nov 2017 07:41:48 GMT" time="45.117" errors="0">
  <testcase name="pushrate" time="45.117" classname="Rates.Publish_new_rate"/>
</testsuite> <!-- Rates.Publish_new_rate -->
