<?xml version="1.0" encoding="UTF-8"?>
<!-- Generated by org.testng.reporters.JUnitReportReporter -->
<testsuite hostname="PC350015" name="automationFramework.Accommodation_booking_for_Direct_rate_outside_cancellation_one_room" tests="1" failures="0" timestamp="16 Nov 2017 05:47:14 GMT" time="65.639" errors="0">
  <testcase name="bookdirect" time="65.639" classname="automationFramework.Accommodation_booking_for_Direct_rate_outside_cancellation_one_room"/>
</testsuite> <!-- automationFramework.Accommodation_booking_for_Direct_rate_outside_cancellation_one_room -->
