<?xml version="1.0" encoding="UTF-8"?>
<!-- Generated by org.testng.reporters.JUnitReportReporter -->
<testsuite hostname="PC350015" name="automationFramework.Accommodation_booking_cancel_reservation" tests="1" failures="0" timestamp="14 Nov 2017 07:43:17 GMT" time="105.561" errors="0">
  <testcase name="book" time="105.561" classname="automationFramework.Accommodation_booking_cancel_reservation"/>
</testsuite> <!-- automationFramework.Accommodation_booking_cancel_reservation -->
